  MyMesh.cpp
d:\school\dsa2\simplex_17-18_spring\a02 - 3d primitives\mymesh.cpp(283): warning C4244: '=': conversion from 'double' to 'float', possible loss of data
d:\school\dsa2\simplex_17-18_spring\a02 - 3d primitives\mymesh.cpp(328): warning C4244: '=': conversion from 'double' to 'float', possible loss of data
d:\school\dsa2\simplex_17-18_spring\a02 - 3d primitives\mymesh.cpp(385): warning C4244: '=': conversion from 'double' to 'float', possible loss of data
d:\school\dsa2\simplex_17-18_spring\a02 - 3d primitives\mymesh.cpp(494): warning C4244: '=': conversion from 'double' to 'float', possible loss of data
d:\school\dsa2\simplex_17-18_spring\a02 - 3d primitives\mymesh.cpp(495): warning C4244: '=': conversion from 'double' to 'float', possible loss of data
d:\school\dsa2\simplex_17-18_spring\a02 - 3d primitives\mymesh.cpp(498): warning C4244: '=': conversion from 'double' to 'float', possible loss of data
d:\school\dsa2\simplex_17-18_spring\a02 - 3d primitives\mymesh.cpp(499): warning C4244: '=': conversion from 'double' to 'float', possible loss of data
d:\school\dsa2\simplex_17-18_spring\a02 - 3d primitives\mymesh.cpp(488): warning C4101: 'rho': unreferenced local variable
  Main.cpp
  ControllerConfiguration.cpp
  AppClassMain.cpp
  AppClassGUI.cpp
  AppClassControls.cpp
  AppClass.cpp
  imgui_draw.cpp
  imgui_demo.cpp
  imgui.cpp
  Generating Code...
  A02 - 3D Primitives.vcxproj -> D:\School\DSA2\Simplex_17-18_Spring\Z_DELETE\A02 - 3D Primitives_d.exe
  D:\School\DSA2\Simplex_17-18_Spring\include\Simplex\Shaders\Basic-Instanced.vs
  D:\School\DSA2\Simplex_17-18_Spring\include\Simplex\Shaders\Basic.fs
  D:\School\DSA2\Simplex_17-18_Spring\include\Simplex\Shaders\Basic.vs
  D:\School\DSA2\Simplex_17-18_Spring\include\Simplex\Shaders\BasicColor.fs
  D:\School\DSA2\Simplex_17-18_Spring\include\Simplex\Shaders\BasicColor.vs
  D:\School\DSA2\Simplex_17-18_Spring\include\Simplex\Shaders\Line.fs
  D:\School\DSA2\Simplex_17-18_Spring\include\Simplex\Shaders\Line.vs
  D:\School\DSA2\Simplex_17-18_Spring\include\Simplex\Shaders\Minimal.fs
  D:\School\DSA2\Simplex_17-18_Spring\include\Simplex\Shaders\Minimal.vs
  D:\School\DSA2\Simplex_17-18_Spring\include\Simplex\Shaders\MinimalRed.fs
  D:\School\DSA2\Simplex_17-18_Spring\include\Simplex\Shaders\Simplex.fs
  D:\School\DSA2\Simplex_17-18_Spring\include\Simplex\Shaders\Simplex.vs
  D:\School\DSA2\Simplex_17-18_Spring\include\Simplex\Shaders\Skybox.fs
  D:\School\DSA2\Simplex_17-18_Spring\include\Simplex\Shaders\Skybox.vs
  D:\School\DSA2\Simplex_17-18_Spring\include\Simplex\Shaders\Text.fs
  D:\School\DSA2\Simplex_17-18_Spring\include\Simplex\Shaders\Text.vs
  D:\School\DSA2\Simplex_17-18_Spring\include\Simplex\Shaders\Wireframe.fs
  17 File(s) copied
