  AppClass.cpp
  OpenGalaga.vcxproj -> C:\Users\Noah Wil5on\Documents\RIT Work\DSA2\Final\DSA2FinalProject\Z_DELETE\OpenGalaga_d.exe
  C:\Users\Noah Wil5on\Documents\RIT Work\DSA2\Final\DSA2FinalProject\include\Simplex\Shaders\Basic-Instanced.vs
  C:\Users\Noah Wil5on\Documents\RIT Work\DSA2\Final\DSA2FinalProject\include\Simplex\Shaders\Basic.fs
  C:\Users\Noah Wil5on\Documents\RIT Work\DSA2\Final\DSA2FinalProject\include\Simplex\Shaders\Basic.vs
  C:\Users\Noah Wil5on\Documents\RIT Work\DSA2\Final\DSA2FinalProject\include\Simplex\Shaders\BasicColor.fs
  C:\Users\Noah Wil5on\Documents\RIT Work\DSA2\Final\DSA2FinalProject\include\Simplex\Shaders\BasicColor.vs
  C:\Users\Noah Wil5on\Documents\RIT Work\DSA2\Final\DSA2FinalProject\include\Simplex\Shaders\Line.fs
  C:\Users\Noah Wil5on\Documents\RIT Work\DSA2\Final\DSA2FinalProject\include\Simplex\Shaders\Line.vs
  C:\Users\Noah Wil5on\Documents\RIT Work\DSA2\Final\DSA2FinalProject\include\Simplex\Shaders\Minimal.fs
  C:\Users\Noah Wil5on\Documents\RIT Work\DSA2\Final\DSA2FinalProject\include\Simplex\Shaders\Minimal.vs
  C:\Users\Noah Wil5on\Documents\RIT Work\DSA2\Final\DSA2FinalProject\include\Simplex\Shaders\MinimalRed.fs
  C:\Users\Noah Wil5on\Documents\RIT Work\DSA2\Final\DSA2FinalProject\include\Simplex\Shaders\Simplex.fs
  C:\Users\Noah Wil5on\Documents\RIT Work\DSA2\Final\DSA2FinalProject\include\Simplex\Shaders\Simplex.vs
  C:\Users\Noah Wil5on\Documents\RIT Work\DSA2\Final\DSA2FinalProject\include\Simplex\Shaders\Skybox.fs
  C:\Users\Noah Wil5on\Documents\RIT Work\DSA2\Final\DSA2FinalProject\include\Simplex\Shaders\Skybox.vs
  C:\Users\Noah Wil5on\Documents\RIT Work\DSA2\Final\DSA2FinalProject\include\Simplex\Shaders\Text.fs
  C:\Users\Noah Wil5on\Documents\RIT Work\DSA2\Final\DSA2FinalProject\include\Simplex\Shaders\Text.vs
  C:\Users\Noah Wil5on\Documents\RIT Work\DSA2\Final\DSA2FinalProject\include\Simplex\Shaders\Wireframe.fs
  17 File(s) copied
