  imgui.cpp
  imgui_demo.cpp
  imgui_draw.cpp
  AppClass.cpp
AppClass.cpp(70): warning C4244: 'initializing': conversion from 'double' to 'float', possible loss of data
AppClass.cpp(80): warning C4244: '=': conversion from 'double' to 'float', possible loss of data
AppClass.cpp(91): warning C4305: '+=': truncation from 'double' to 'float'
AppClass.cpp(71): warning C4101: 'next': unreferenced local variable
  AppClassControls.cpp
  AppClassGUI.cpp
  AppClassMain.cpp
  ControllerConfiguration.cpp
  Main.cpp
  MyMesh.cpp
  Generating code
  All 1562 functions were compiled because no usable IPDB/IOBJ from previous compilation was found.
  Finished generating code
  A03 - LERP.vcxproj -> D:\School\DSA2\Simplex_17-18_Spring\Z_DELETE\A03 - LERP.exe
          1 file(s) copied.
  D:\School\DSA2\Simplex_17-18_Spring\include\Simplex\Shaders\Basic-Instanced.vs
  D:\School\DSA2\Simplex_17-18_Spring\include\Simplex\Shaders\Basic.fs
  D:\School\DSA2\Simplex_17-18_Spring\include\Simplex\Shaders\Basic.vs
  D:\School\DSA2\Simplex_17-18_Spring\include\Simplex\Shaders\BasicColor.fs
  D:\School\DSA2\Simplex_17-18_Spring\include\Simplex\Shaders\BasicColor.vs
  D:\School\DSA2\Simplex_17-18_Spring\include\Simplex\Shaders\Line.fs
  D:\School\DSA2\Simplex_17-18_Spring\include\Simplex\Shaders\Line.vs
  D:\School\DSA2\Simplex_17-18_Spring\include\Simplex\Shaders\Minimal.fs
  D:\School\DSA2\Simplex_17-18_Spring\include\Simplex\Shaders\Minimal.vs
  D:\School\DSA2\Simplex_17-18_Spring\include\Simplex\Shaders\MinimalRed.fs
  D:\School\DSA2\Simplex_17-18_Spring\include\Simplex\Shaders\Simplex.fs
  D:\School\DSA2\Simplex_17-18_Spring\include\Simplex\Shaders\Simplex.vs
  D:\School\DSA2\Simplex_17-18_Spring\include\Simplex\Shaders\Skybox.fs
  D:\School\DSA2\Simplex_17-18_Spring\include\Simplex\Shaders\Skybox.vs
  D:\School\DSA2\Simplex_17-18_Spring\include\Simplex\Shaders\Text.fs
  D:\School\DSA2\Simplex_17-18_Spring\include\Simplex\Shaders\Text.vs
  D:\School\DSA2\Simplex_17-18_Spring\include\Simplex\Shaders\Wireframe.fs
  17 File(s) copied
